*** Beginning Cassandra simulation ***

Version Cassandra 1.0                                                                                                           

inputfile species1_mcf_gen.inp                                                                                                    

name of run: species1mcf_gen

  Month      Day      Year
     08       24      2017
 
 Time:  10:42:31
 
machine: skyros


Simulation type: MCF_Gen             

 
 **** Copying Inputfile ****** 
 # Run_Name
 species1mcf_gen
 
 # Sim_Type
 MCF_Gen
 
 # Nbr_Species
 1
 
 # VDW_Style
 LJ cut_tail 12.0
 
 # Rcutoff_Low
 1.0
 
 # Mixing_Rule
 LB
 
 # Charge_Style
 coul Ewald 12.0 0.000001
 
 # Intra_Scaling
 0.0 0.0 0.0 1.0
 0.0 0.0 0.0 1.0
 
 # Molecule_Files
 ../../ds_atom_j_new_CC.mcf 50
 
 # Box_Info
 1
 CUBIC
 40.0 40.0 40.0
 
 END
 
 **** Finished writing input file *******
 Number of species simulated:      1

 *** Simulation box data ***
number of simulation boxes     1
 
Box number      1       Box Shape:      Cubic 
Each Side Of :        40.0000     Angstrom
 
Cell basis vector lengths in A,     40.0000      40.0000      40.0000
Cosine of angles alpha, beta, gamma     0.0000       0.0000       0.0000
Distance between box faces    40.0000      40.0000      40.0000
Box volume, A^3         64000.0000
 
 *** Finished loading box information ***
 
   VDW style used is:   LJ             in box:  1
   VDW sum style is:   cut_tail       in box:  1
    rcut =    12.000   Angstrom
 VDW style properly input
 
   Charge style used is:   coul           in box:  1
    Charge sum style is   Ewald          in box:  1
    Ewald real space cutoff is  12.000 Angstroms.
  Ewald real space parameter is   0.310 inverse Angstroms
    Ewald reciprocal cutoff is  2.3026 inverse Angstroms
 Charge style properly input
 
Lorentz-Berthelot mixing rule specified
 
 Pair interaction energy arrays will not be stored
 Energy calculations will be done in a standard way
 
 
 Reading molecular connectivity information
 Species:            1
 Molecular connectivity file: 
 ../../ds_atom_j_new_CC.mcf                                                     
                                          
   12 atom(s) specified.
   11 bond(s) specified.
   10 angle(s) specified.
   9 dihedral(s) specified.
   10 fragments specified.
   0 improper(s) specified.
   9  fragment bonds specified.
 
Species  Nbr molecules
-------  -------------
     1             50
 
L_Coul_CBMC not given for species    1
 Defaulting to true
 default  T
 
1st_Fragment_Ins_Style not specified for species    1
using default of "COM" for this species.
Species and atom number   1   1
 atom name:             ME_s1 
 element:               ME
 mass:                     15.0345
 charge:                    0.0000
 vdw type:              LJ                  
 Epsilon / kB in K:        73.2450
 Sigma in A:                3.9500
 
Species and atom number   1   2
 atom name:             C s1  
 element:               C 
 mass:                     14.0266
 charge:                    0.0000
 vdw type:              LJ                  
 Epsilon / kB in K:        58.9338
 Sigma in A:                3.9500
 
Species and atom number   1   3
 atom name:             C s1  
 element:               C 
 mass:                     14.0266
 charge:                    0.0000
 vdw type:              LJ                  
 Epsilon / kB in K:        58.9338
 Sigma in A:                3.9500
 
Species and atom number   1   4
 atom name:             C s1  
 element:               C 
 mass:                     14.0266
 charge:                    0.0000
 vdw type:              LJ                  
 Epsilon / kB in K:        58.9338
 Sigma in A:                3.9500
 
Species and atom number   1   5
 atom name:             C s1  
 element:               C 
 mass:                     14.0266
 charge:                    0.0000
 vdw type:              LJ                  
 Epsilon / kB in K:        58.9338
 Sigma in A:                3.9500
 
Species and atom number   1   6
 atom name:             CC s1 
 element:               CC
 mass:                     14.0266
 charge:                    0.0000
 vdw type:              LJ                  
 Epsilon / kB in K:        58.9338
 Sigma in A:                3.9500
 
Species and atom number   1   7
 atom name:             C s1  
 element:               C 
 mass:                     14.0266
 charge:                    0.0000
 vdw type:              LJ                  
 Epsilon / kB in K:        58.9338
 Sigma in A:                3.9500
 
Species and atom number   1   8
 atom name:             C s1  
 element:               C 
 mass:                     14.0266
 charge:                    0.0000
 vdw type:              LJ                  
 Epsilon / kB in K:        58.9338
 Sigma in A:                3.9500
 
Species and atom number   1   9
 atom name:             C s1  
 element:               C 
 mass:                     14.0266
 charge:                    0.0000
 vdw type:              LJ                  
 Epsilon / kB in K:        58.9338
 Sigma in A:                3.9500
 
Species and atom number   1  10
 atom name:             C s1  
 element:               C 
 mass:                     14.0266
 charge:                    0.0000
 vdw type:              LJ                  
 Epsilon / kB in K:        58.9338
 Sigma in A:                3.9500
 
Species and atom number   1  11
 atom name:             C s1  
 element:               C 
 mass:                     14.0266
 charge:                    0.0000
 vdw type:              LJ                  
 Epsilon / kB in K:        58.9338
 Sigma in A:                3.9500
 
Species and atom number   1  12
 atom name:             HG_s1 
 element:               HG
 mass:                     95.0840
 charge:                   -1.0000
 vdw type:              LJ                  
 Epsilon / kB in K:       149.0184
 Sigma in A:                5.4300
 
Total number of ring atoms in species     1    0
Total number of exo atoms in species      1   12
 Atom ids for ring atoms
 Atom ids for exo atoms           1           2           3           4
           5           6           7           8           9          10
          11          12
 *** Completed assigning atom info ***
 
Species and bond number   1   1
 atom1:                   1
 atom2:                   2
 bond type:             fixed               
Bond fixed between atoms:      1      2 in species   1
Fixed bond length, in A:    1.5300
 
Species and bond number   1   2
 atom1:                   2
 atom2:                   3
 bond type:             fixed               
Bond fixed between atoms:      2      3 in species   1
Fixed bond length, in A:    1.5300
 
Species and bond number   1   3
 atom1:                   3
 atom2:                   4
 bond type:             fixed               
Bond fixed between atoms:      3      4 in species   1
Fixed bond length, in A:    1.5300
 
Species and bond number   1   4
 atom1:                   4
 atom2:                   5
 bond type:             fixed               
Bond fixed between atoms:      4      5 in species   1
Fixed bond length, in A:    1.5300
 
Species and bond number   1   5
 atom1:                   5
 atom2:                   6
 bond type:             fixed               
Bond fixed between atoms:      5      6 in species   1
Fixed bond length, in A:    1.5300
 
Species and bond number   1   6
 atom1:                   6
 atom2:                   7
 bond type:             fixed               
Bond fixed between atoms:      6      7 in species   1
Fixed bond length, in A:    1.5300
 
Species and bond number   1   7
 atom1:                   7
 atom2:                   8
 bond type:             fixed               
Bond fixed between atoms:      7      8 in species   1
Fixed bond length, in A:    1.5300
 
Species and bond number   1   8
 atom1:                   8
 atom2:                   9
 bond type:             fixed               
Bond fixed between atoms:      8      9 in species   1
Fixed bond length, in A:    1.5300
 
Species and bond number   1   9
 atom1:                   9
 atom2:                  10
 bond type:             fixed               
Bond fixed between atoms:      9     10 in species   1
Fixed bond length, in A:    1.5300
 
Species and bond number   1  10
 atom1:                  10
 atom2:                  11
 bond type:             fixed               
Bond fixed between atoms:     10     11 in species   1
Fixed bond length, in A:    1.5300
 
Species and bond number   1  11
 atom1:                  11
 atom2:                  12
 bond type:             fixed               
Bond fixed between atoms:     11     12 in species   1
Fixed bond length, in A:    1.5300
 
 *** Completed assigning bond info ***
 
Species and angle number  1   1
 atom1:                   1
 atom2:                   2
 atom3:                   3
 angle type:            harmonic            
 K_angle in K/rad^2:    31275.3000
 theta0 in degrees:       111.0000
 
Species and angle number  1   2
 atom1:                   2
 atom2:                   3
 atom3:                   4
 angle type:            harmonic            
 K_angle in K/rad^2:    31275.3000
 theta0 in degrees:       111.0000
 
Species and angle number  1   3
 atom1:                   3
 atom2:                   4
 atom3:                   5
 angle type:            harmonic            
 K_angle in K/rad^2:    31275.3000
 theta0 in degrees:       111.0000
 
Species and angle number  1   4
 atom1:                   4
 atom2:                   5
 atom3:                   6
 angle type:            harmonic            
 K_angle in K/rad^2:    31275.3000
 theta0 in degrees:       111.0000
 
Species and angle number  1   5
 atom1:                   5
 atom2:                   6
 atom3:                   7
 angle type:            harmonic            
 K_angle in K/rad^2:    31275.3000
 theta0 in degrees:       111.0000
 
Species and angle number  1   6
 atom1:                   6
 atom2:                   7
 atom3:                   8
 angle type:            harmonic            
 K_angle in K/rad^2:    31275.3000
 theta0 in degrees:       111.0000
 
Species and angle number  1   7
 atom1:                   7
 atom2:                   8
 atom3:                   9
 angle type:            harmonic            
 K_angle in K/rad^2:    31275.3000
 theta0 in degrees:       111.0000
 
Species and angle number  1   8
 atom1:                   8
 atom2:                   9
 atom3:                  10
 angle type:            harmonic            
 K_angle in K/rad^2:    31275.3000
 theta0 in degrees:       111.0000
 
Species and angle number  1   9
 atom1:                   9
 atom2:                  10
 atom3:                  11
 angle type:            harmonic            
 K_angle in K/rad^2:    31275.3000
 theta0 in degrees:       111.0000
 
Species and angle number  1  10
 atom1:                  10
 atom2:                  11
 atom3:                  12
 angle type:            harmonic            
 K_angle in K/rad^2:    31275.3000
 theta0 in degrees:       111.0000
 
 
Molecule    1  is NOT defined to be linear
 
 *** Completed assigning angle info ***
 
Species and dihedral num  1   1
 atom1:                   1
 atom2:                   2
 atom3:                   3
 atom4:                   4
 dihedral type:         RB                  
 a0, kJ/mol:                9.2800
 a1, kJ/mol:               12.1600
 a2, kJ/mol:              -13.1200
 a3, kJ/mol:               -3.0600
 a4, kJ/mol:               26.2400
 a5, kJ/mol:              -31.5000
 
Species and dihedral num  1   2
 atom1:                   2
 atom2:                   3
 atom3:                   4
 atom4:                   5
 dihedral type:         RB                  
 a0, kJ/mol:                9.2800
 a1, kJ/mol:               12.1600
 a2, kJ/mol:              -13.1200
 a3, kJ/mol:               -3.0600
 a4, kJ/mol:               26.2400
 a5, kJ/mol:              -31.5000
 
Species and dihedral num  1   3
 atom1:                   3
 atom2:                   4
 atom3:                   5
 atom4:                   6
 dihedral type:         RB                  
 a0, kJ/mol:                9.2800
 a1, kJ/mol:               12.1600
 a2, kJ/mol:              -13.1200
 a3, kJ/mol:               -3.0600
 a4, kJ/mol:               26.2400
 a5, kJ/mol:              -31.5000
 
Species and dihedral num  1   4
 atom1:                   4
 atom2:                   5
 atom3:                   6
 atom4:                   7
 dihedral type:         RB                  
 a0, kJ/mol:                9.2800
 a1, kJ/mol:               12.1600
 a2, kJ/mol:              -13.1200
 a3, kJ/mol:               -3.0600
 a4, kJ/mol:               26.2400
 a5, kJ/mol:              -31.5000
 
Species and dihedral num  1   5
 atom1:                   5
 atom2:                   6
 atom3:                   7
 atom4:                   8
 dihedral type:         RB                  
 a0, kJ/mol:                9.2800
 a1, kJ/mol:               12.1600
 a2, kJ/mol:              -13.1200
 a3, kJ/mol:               -3.0600
 a4, kJ/mol:               26.2400
 a5, kJ/mol:              -31.5000
 
Species and dihedral num  1   6
 atom1:                   6
 atom2:                   7
 atom3:                   8
 atom4:                   9
 dihedral type:         RB                  
 a0, kJ/mol:                9.2800
 a1, kJ/mol:               12.1600
 a2, kJ/mol:              -13.1200
 a3, kJ/mol:               -3.0600
 a4, kJ/mol:               26.2400
 a5, kJ/mol:              -31.5000
 
Species and dihedral num  1   7
 atom1:                   7
 atom2:                   8
 atom3:                   9
 atom4:                  10
 dihedral type:         RB                  
 a0, kJ/mol:                9.2800
 a1, kJ/mol:               12.1600
 a2, kJ/mol:              -13.1200
 a3, kJ/mol:               -3.0600
 a4, kJ/mol:               26.2400
 a5, kJ/mol:              -31.5000
 
Species and dihedral num  1   8
 atom1:                   8
 atom2:                   9
 atom3:                  10
 atom4:                  11
 dihedral type:         RB                  
 a0, kJ/mol:                9.2800
 a1, kJ/mol:               12.1600
 a2, kJ/mol:              -13.1200
 a3, kJ/mol:               -3.0600
 a4, kJ/mol:               26.2400
 a5, kJ/mol:              -31.5000
 
Species and dihedral num  1   9
 atom1:                   9
 atom2:                  10
 atom3:                  11
 atom4:                  12
 dihedral type:         RB                  
 a0, kJ/mol:                9.2800
 a1, kJ/mol:               12.1600
 a2, kJ/mol:              -13.1200
 a3, kJ/mol:               -3.0600
 a4, kJ/mol:               26.2400
 a5, kJ/mol:              -31.5000
 
 *** Completed assigning dihedral info ***
 
 No impropers in species            1
 *** Completed assigning improper info ***
 
 
Total number of atoms in the fragment     1  is   3
Identity of these atoms are
           2           1           3
 
Total number of atoms in the fragment     2  is   3
Identity of these atoms are
           3           2           4
 
Total number of atoms in the fragment     3  is   3
Identity of these atoms are
           4           3           5
 
Total number of atoms in the fragment     4  is   3
Identity of these atoms are
           5           4           6
 
Total number of atoms in the fragment     5  is   3
Identity of these atoms are
           6           5           7
 
Total number of atoms in the fragment     6  is   3
Identity of these atoms are
           7           6           8
 
Total number of atoms in the fragment     7  is   3
Identity of these atoms are
           8           7           9
 
Total number of atoms in the fragment     8  is   3
Identity of these atoms are
           9           8          10
 
Total number of atoms in the fragment     9  is   3
Identity of these atoms are
          10           9          11
 
Total number of atoms in the fragment    10  is   3
Identity of these atoms are
          11          10          12
 
 ******* Finished loading fragment info ********
 
 ******* Generating anchor info ****************
 
 Number of anchors for fragment     1  is   1
Anchor id is:    2
 
 Number of anchors for fragment     2  is   1
Anchor id is:    3
 
 Number of anchors for fragment     3  is   1
Anchor id is:    4
 
 Number of anchors for fragment     4  is   1
Anchor id is:    5
 
 Number of anchors for fragment     5  is   1
Anchor id is:    6
 
 Number of anchors for fragment     6  is   1
Anchor id is:    7
 
 Number of anchors for fragment     7  is   1
Anchor id is:    8
 
 Number of anchors for fragment     8  is   1
Anchor id is:    9
 
 Number of anchors for fragment     9  is   1
Anchor id is:   10
 
 Number of anchors for fragment    10  is   1
Anchor id is:   11
 *** Computed bond participation information ***
 species, atom, local bond nbr, global bond nbr, atom bonded 
    1         1       1            1                 2
 
 species, atom, local bond nbr, global bond nbr, atom bonded 
    1         2       1            1                 1
 species, atom, local bond nbr, global bond nbr, atom bonded 
    1         2       2            2                 3
 
 species, atom, local bond nbr, global bond nbr, atom bonded 
    1         3       1            2                 2
 species, atom, local bond nbr, global bond nbr, atom bonded 
    1         3       2            3                 4
 
 species, atom, local bond nbr, global bond nbr, atom bonded 
    1         4       1            3                 3
 species, atom, local bond nbr, global bond nbr, atom bonded 
    1         4       2            4                 5
 
 species, atom, local bond nbr, global bond nbr, atom bonded 
    1         5       1            4                 4
 species, atom, local bond nbr, global bond nbr, atom bonded 
    1         5       2            5                 6
 
 species, atom, local bond nbr, global bond nbr, atom bonded 
    1         6       1            5                 5
 species, atom, local bond nbr, global bond nbr, atom bonded 
    1         6       2            6                 7
 
 species, atom, local bond nbr, global bond nbr, atom bonded 
    1         7       1            6                 6
 species, atom, local bond nbr, global bond nbr, atom bonded 
    1         7       2            7                 8
 
 species, atom, local bond nbr, global bond nbr, atom bonded 
    1         8       1            7                 7
 species, atom, local bond nbr, global bond nbr, atom bonded 
    1         8       2            8                 9
 
 species, atom, local bond nbr, global bond nbr, atom bonded 
    1         9       1            8                 8
 species, atom, local bond nbr, global bond nbr, atom bonded 
    1         9       2            9                10
 
 species, atom, local bond nbr, global bond nbr, atom bonded 
    1        10       1            9                 9
 species, atom, local bond nbr, global bond nbr, atom bonded 
    1        10       2           10                11
 
 species, atom, local bond nbr, global bond nbr, atom bonded 
    1        11       1           10                10
 species, atom, local bond nbr, global bond nbr, atom bonded 
    1        11       2           11                12
 
 species, atom, local bond nbr, global bond nbr, atom bonded 
    1        12       1           11                11
 
 
 
 For species           1
  Number of atoms that can be displaced           2
             Atom ID     Reference Atom ID
                   1                     2
                  12                    11
 
 Number of atom in question           1
 Total number of angles           1
 Angles for this atom
           1
 Position of the atom in angles
           1
 Number of atom in question           2
 Total number of angles           2
 Angles for this atom
           1           2
 Position of the atom in angles
           2           1
 Number of atom in question           3
 Total number of angles           3
 Angles for this atom
           1           2           3
 Position of the atom in angles
           3           2           1
 Number of atom in question           4
 Total number of angles           3
 Angles for this atom
           2           3           4
 Position of the atom in angles
           3           2           1
 Number of atom in question           5
 Total number of angles           3
 Angles for this atom
           3           4           5
 Position of the atom in angles
           3           2           1
 Number of atom in question           6
 Total number of angles           3
 Angles for this atom
           4           5           6
 Position of the atom in angles
           3           2           1
 Number of atom in question           7
 Total number of angles           3
 Angles for this atom
           5           6           7
 Position of the atom in angles
           3           2           1
 Number of atom in question           8
 Total number of angles           3
 Angles for this atom
           6           7           8
 Position of the atom in angles
           3           2           1
 Number of atom in question           9
 Total number of angles           3
 Angles for this atom
           7           8           9
 Position of the atom in angles
           3           2           1
 Number of atom in question          10
 Total number of angles           3
 Angles for this atom
           8           9          10
 Position of the atom in angles
           3           2           1
 Number of atom in question          11
 Total number of angles           2
 Angles for this atom
           9          10
 Position of the atom in angles
           3           2
 Number of atom in question          12
 Total number of angles           1
 Angles for this atom
          10
 Position of the atom in angles
           3
 Number of atom in question           1
 Total number of dihedrals           1
 Dihedral angles for this atom
           1
 Position of the atom in dihedrals
           1
 Number of atom in question           2
 Total number of dihedrals           2
 Dihedral angles for this atom
           1           2
 Position of the atom in dihedrals
           2           1
 Number of atom in question           3
 Total number of dihedrals           3
 Dihedral angles for this atom
           1           2           3
 Position of the atom in dihedrals
           3           2           1
 Number of atom in question           4
 Total number of dihedrals           4
 Dihedral angles for this atom
           1           2           3           4
 Position of the atom in dihedrals
           4           3           2           1
 Number of atom in question           5
 Total number of dihedrals           4
 Dihedral angles for this atom
           2           3           4           5
 Position of the atom in dihedrals
           4           3           2           1
 Number of atom in question           6
 Total number of dihedrals           4
 Dihedral angles for this atom
           3           4           5           6
 Position of the atom in dihedrals
           4           3           2           1
 Number of atom in question           7
 Total number of dihedrals           4
 Dihedral angles for this atom
           4           5           6           7
 Position of the atom in dihedrals
           4           3           2           1
 Number of atom in question           8
 Total number of dihedrals           4
 Dihedral angles for this atom
           5           6           7           8
 Position of the atom in dihedrals
           4           3           2           1
 Number of atom in question           9
 Total number of dihedrals           4
 Dihedral angles for this atom
           6           7           8           9
 Position of the atom in dihedrals
           4           3           2           1
 Number of atom in question          10
 Total number of dihedrals           3
 Dihedral angles for this atom
           7           8           9
 Position of the atom in dihedrals
           4           3           2
 Number of atom in question          11
 Total number of dihedrals           2
 Dihedral angles for this atom
           8           9
 Position of the atom in dihedrals
           4           3
 Number of atom in question          12
 Total number of dihedrals           1
 Dihedral angles for this atom
           9
 Position of the atom in dihedrals
           4
 
 Finished generating fragments
 Exiting
