*** Beginning Cassandra simulation ***

Version Cassandra 1.0                                                                                                           

inputfile species1_mcf_gen.inp                                                                                                    

name of run: species1_mcf_gen

  Month      Day      Year
     04       02      2017
 
 Time:  18:41:38
 
machine: skyros


Simulation type: MCF_Gen             

 
 **** Copying Inputfile ****** 
 # Run_Name
 species1_mcf_gen
 
 # Sim_Type
 MCF_Gen
 
 # Nbr_Species
 1
 
 # VDW_Style
 LJ96 cut_tail 15.0
 
 
 # Rcutoff_Low
 1.0
 
 
 # Mixing_Rule
 LB
 
 # Charge_Style
 NONE
 
 
 # Intra_Scaling
 0 0 0 1
 0 0 0 1
 
 
 # Molecule_Files
 ../../C7E6.mcf 50
 
 # Box_Info
 1
 CUBIC
 40.0 40.0 40.0
 
 
 END
 
 **** Finished writing input file *******
 Number of species simulated:      1

 *** Simulation box data ***
number of simulation boxes     1
 
Box number      1       Box Shape:      Cubic 
Each Side Of :        40.0000     Angstrom
 
Cell basis vector lengths in A,     40.0000      40.0000      40.0000
Cosine of angles alpha, beta, gamma     0.0000       0.0000       0.0000
Distance between box faces    40.0000      40.0000      40.0000
Box volume, A^3         64000.0000
 
 *** Finished loading box information ***
 
   VDW style used is:   LJ96           in box:  1
   VDW sum style is:   cut_tail       in box:  1
    rcut =    15.000   Angstrom
 VDW style properly input
 
   Charge style used is:   NONE           in box:  1
 Charge style properly input
 
Lorentz-Berthelot mixing rule specified
 
 Pair interaction energy arrays will not be stored
 Energy calculations will be done in a standard way
 
 
 Reading molecular connectivity information
 Species:            1
 Molecular connectivity file: 
 ../../C7E6.mcf                                                                 
                                          
   9 atom(s) specified.
   8 bond(s) specified.
   7 angle(s) specified.
   0 dihedral(s) specified.
   0 improper(s) specified.
   7 fragments specified.
   6  fragment bonds specified.
 
Species  Nbr molecules
-------  -------------
     1             50
 
L_Coul_CBMC not given for species    1
 Defaulting to true
 default  T
 
1st_Fragment_Ins_Style not specified for species    1
using default of "COM" for this species.
Species and atom number   1   1
 atom name:             CT_s1 
 element:               C 
 mass:                     42.0810
 charge:                    0.0000
 vdw type:              LJ96                
 Epsilon / kB in K:       236.0114
 Sigma in A:                4.5850
 
Species and atom number   1   2
 atom name:             CM_s1 
 element:               C 
 mass:                     42.0810
 charge:                    0.0000
 vdw type:              LJ96                
 Epsilon / kB in K:       211.3535
 Sigma in A:                4.5060
 
Species and atom number   1   3
 atom name:             EO_s1 
 element:               E 
 mass:                     44.0530
 charge:                    0.0000
 vdw type:              LJ96                
 Epsilon / kB in K:       203.8052
 Sigma in A:                4.2500
 
Species and atom number   1   4
 atom name:             EO_s1 
 element:               E 
 mass:                     44.0530
 charge:                    0.0000
 vdw type:              LJ96                
 Epsilon / kB in K:       203.8052
 Sigma in A:                4.2500
 
Species and atom number   1   5
 atom name:             EO_s1 
 element:               E 
 mass:                     44.0530
 charge:                    0.0000
 vdw type:              LJ96                
 Epsilon / kB in K:       203.8052
 Sigma in A:                4.2500
 
Species and atom number   1   6
 atom name:             EO_s1 
 element:               E 
 mass:                     44.0530
 charge:                    0.0000
 vdw type:              LJ96                
 Epsilon / kB in K:       203.8052
 Sigma in A:                4.2500
 
Species and atom number   1   7
 atom name:             EO_s1 
 element:               E 
 mass:                     44.0530
 charge:                    0.0000
 vdw type:              LJ96                
 Epsilon / kB in K:       203.8052
 Sigma in A:                4.2500
 
Species and atom number   1   8
 atom name:             EO_s1 
 element:               E 
 mass:                     44.0530
 charge:                    0.0000
 vdw type:              LJ96                
 Epsilon / kB in K:       203.8052
 Sigma in A:                4.2500
 
Species and atom number   1   9
 atom name:             OA_s1 
 element:               O 
 mass:                     31.0340
 charge:                    0.0000
 vdw type:              LJ96                
 Epsilon / kB in K:       225.9973
 Sigma in A:                3.7130
 
Total number of ring atoms in species     1    0
Total number of exo atoms in species      1    9
 Atom ids for ring atoms
 Atom ids for exo atoms           1           2           3           4
           5           6           7           8           9
 *** Completed assigning atom info ***
 
Species and bond number   1   1
 atom1:                   1
 atom2:                   2
 bond type:             harmonic            
Harmonic Bond between atoms:      1      2 in species   1
Harmonic bond length, in      3.6500
Harmonic bond constant,    3099.8519
 
Species and bond number   1   2
 atom1:                   2
 atom2:                   3
 bond type:             harmonic            
Harmonic Bond between atoms:      2      3 in species   1
Harmonic bond length, in      3.5600
Harmonic bond constant,    3572.8813
 
Species and bond number   1   3
 atom1:                   3
 atom2:                   4
 bond type:             harmonic            
Harmonic Bond between atoms:      3      4 in species   1
Harmonic bond length, in      3.2800
Harmonic bond constant,    2465.7913
 
Species and bond number   1   4
 atom1:                   4
 atom2:                   5
 bond type:             harmonic            
Harmonic Bond between atoms:      4      5 in species   1
Harmonic bond length, in      3.2800
Harmonic bond constant,    2465.7913
 
Species and bond number   1   5
 atom1:                   5
 atom2:                   6
 bond type:             harmonic            
Harmonic Bond between atoms:      5      6 in species   1
Harmonic bond length, in      3.2800
Harmonic bond constant,    2465.7913
 
Species and bond number   1   6
 atom1:                   6
 atom2:                   7
 bond type:             harmonic            
Harmonic Bond between atoms:      6      7 in species   1
Harmonic bond length, in      3.2800
Harmonic bond constant,    2465.7913
 
Species and bond number   1   7
 atom1:                   7
 atom2:                   8
 bond type:             harmonic            
Harmonic Bond between atoms:      7      8 in species   1
Harmonic bond length, in      3.2800
Harmonic bond constant,    2465.7913
 
Species and bond number   1   8
 atom1:                   8
 atom2:                   9
 bond type:             harmonic            
Harmonic Bond between atoms:      8      9 in species   1
Harmonic bond length, in      2.7900
Harmonic bond constant,    7548.3408
 
 *** Completed assigning bond info ***
 
Species and angle number  1   1
 atom1:                   1
 atom2:                   2
 atom3:                   3
 angle type:            harmonic            
 K_angle in K/rad^2:      754.8341
 theta0 in degrees:       172.0000
 
Species and angle number  1   2
 atom1:                   2
 atom2:                   3
 atom3:                   4
 angle type:            harmonic            
 K_angle in K/rad^2:      805.1563
 theta0 in degrees:       146.0000
 
Species and angle number  1   3
 atom1:                   3
 atom2:                   4
 atom3:                   5
 angle type:            harmonic            
 K_angle in K/rad^2:     1710.9572
 theta0 in degrees:       132.0000
 
Species and angle number  1   4
 atom1:                   4
 atom2:                   5
 atom3:                   6
 angle type:            harmonic            
 K_angle in K/rad^2:     1710.9572
 theta0 in degrees:       132.0000
 
Species and angle number  1   5
 atom1:                   5
 atom2:                   6
 atom3:                   7
 angle type:            harmonic            
 K_angle in K/rad^2:     1710.9572
 theta0 in degrees:       132.0000
 
Species and angle number  1   6
 atom1:                   6
 atom2:                   7
 atom3:                   8
 angle type:            harmonic            
 K_angle in K/rad^2:     1710.9572
 theta0 in degrees:       132.0000
 
Species and angle number  1   7
 atom1:                   7
 atom2:                   8
 atom3:                   9
 angle type:            harmonic            
 K_angle in K/rad^2:     1509.6682
 theta0 in degrees:       131.0000
 
 
Molecule    1  is NOT defined to be linear
 
 *** Completed assigning angle info ***
 
 No dihedrals in species            1
 *** Completed assigning dihedral info ***
 
 No impropers in species            1
 *** Completed assigning improper info ***
 
 
Total number of atoms in the fragment     1  is   3
Identity of these atoms are
           2           1           3
 
Total number of atoms in the fragment     2  is   3
Identity of these atoms are
           3           2           4
 
Total number of atoms in the fragment     3  is   3
Identity of these atoms are
           4           3           5
 
Total number of atoms in the fragment     4  is   3
Identity of these atoms are
           5           4           6
 
Total number of atoms in the fragment     5  is   3
Identity of these atoms are
           6           5           7
 
Total number of atoms in the fragment     6  is   3
Identity of these atoms are
           7           6           8
 
Total number of atoms in the fragment     7  is   3
Identity of these atoms are
           8           7           9
 
 ******* Finished loading fragment info ********
 
 ******* Generating anchor info ****************
 
 Number of anchors for fragment     1  is   1
Anchor id is:    2
 
 Number of anchors for fragment     2  is   1
Anchor id is:    3
 
 Number of anchors for fragment     3  is   1
Anchor id is:    4
 
 Number of anchors for fragment     4  is   1
Anchor id is:    5
 
 Number of anchors for fragment     5  is   1
Anchor id is:    6
 
 Number of anchors for fragment     6  is   1
Anchor id is:    7
 
 Number of anchors for fragment     7  is   1
Anchor id is:    8
 *** Computed bond participation information ***
 species, atom, local bond nbr, global bond nbr, atom bonded 
    1         1       1            1                 2
 
 species, atom, local bond nbr, global bond nbr, atom bonded 
    1         2       1            1                 1
 species, atom, local bond nbr, global bond nbr, atom bonded 
    1         2       2            2                 3
 
 species, atom, local bond nbr, global bond nbr, atom bonded 
    1         3       1            2                 2
 species, atom, local bond nbr, global bond nbr, atom bonded 
    1         3       2            3                 4
 
 species, atom, local bond nbr, global bond nbr, atom bonded 
    1         4       1            3                 3
 species, atom, local bond nbr, global bond nbr, atom bonded 
    1         4       2            4                 5
 
 species, atom, local bond nbr, global bond nbr, atom bonded 
    1         5       1            4                 4
 species, atom, local bond nbr, global bond nbr, atom bonded 
    1         5       2            5                 6
 
 species, atom, local bond nbr, global bond nbr, atom bonded 
    1         6       1            5                 5
 species, atom, local bond nbr, global bond nbr, atom bonded 
    1         6       2            6                 7
 
 species, atom, local bond nbr, global bond nbr, atom bonded 
    1         7       1            6                 6
 species, atom, local bond nbr, global bond nbr, atom bonded 
    1         7       2            7                 8
 
 species, atom, local bond nbr, global bond nbr, atom bonded 
    1         8       1            7                 7
 species, atom, local bond nbr, global bond nbr, atom bonded 
    1         8       2            8                 9
 
 species, atom, local bond nbr, global bond nbr, atom bonded 
    1         9       1            8                 8
 
 
 
 For species           1
  Number of atoms that can be displaced           2
             Atom ID     Reference Atom ID
                   1                     2
                   9                     8
 
 Number of atom in question           1
 Total number of angles           1
 Angles for this atom
           1
 Position of the atom in angles
           1
 Number of atom in question           2
 Total number of angles           2
 Angles for this atom
           1           2
 Position of the atom in angles
           2           1
 Number of atom in question           3
 Total number of angles           3
 Angles for this atom
           1           2           3
 Position of the atom in angles
           3           2           1
 Number of atom in question           4
 Total number of angles           3
 Angles for this atom
           2           3           4
 Position of the atom in angles
           3           2           1
 Number of atom in question           5
 Total number of angles           3
 Angles for this atom
           3           4           5
 Position of the atom in angles
           3           2           1
 Number of atom in question           6
 Total number of angles           3
 Angles for this atom
           4           5           6
 Position of the atom in angles
           3           2           1
 Number of atom in question           7
 Total number of angles           3
 Angles for this atom
           5           6           7
 Position of the atom in angles
           3           2           1
 Number of atom in question           8
 Total number of angles           2
 Angles for this atom
           6           7
 Position of the atom in angles
           3           2
 Number of atom in question           9
 Total number of angles           1
 Angles for this atom
           7
 Position of the atom in angles
           3
 Number of atom in question           1
 Total number of dihedrals           0
 Dihedral angles for this atom
 
 Position of the atom in dihedrals
 
 Number of atom in question           2
 Total number of dihedrals           0
 Dihedral angles for this atom
 
 Position of the atom in dihedrals
 
 Number of atom in question           3
 Total number of dihedrals           0
 Dihedral angles for this atom
 
 Position of the atom in dihedrals
 
 Number of atom in question           4
 Total number of dihedrals           0
 Dihedral angles for this atom
 
 Position of the atom in dihedrals
 
 Number of atom in question           5
 Total number of dihedrals           0
 Dihedral angles for this atom
 
 Position of the atom in dihedrals
 
 Number of atom in question           6
 Total number of dihedrals           0
 Dihedral angles for this atom
 
 Position of the atom in dihedrals
 
 Number of atom in question           7
 Total number of dihedrals           0
 Dihedral angles for this atom
 
 Position of the atom in dihedrals
 
 Number of atom in question           8
 Total number of dihedrals           0
 Dihedral angles for this atom
 
 Position of the atom in dihedrals
 
 Number of atom in question           9
 Total number of dihedrals           0
 Dihedral angles for this atom
 
 Position of the atom in dihedrals
 
 
 Finished generating fragments
 Exiting
