*** Beginning Cassandra simulation ***

Version Cassandra 1.0                                                                                                           

inputfile c8.inp                                                                                                                  

name of run: t560

  Month      Day      Year
     01       05      2016
 
 Time:  18:23:06
 
machine: skyros


Simulation type: GCMC                

 
 **** Copying Inputfile ****** 
 
 # Run_Name
 t560
 
 # Sim_Type
 GCMC
 
 # Nbr_Species
 1
 
 # VDW_Style
 LJ cut_tail 15.0
 
 # Charge_Style
 NONE
 
 # Intra_Scaling
 0.0 0.0 0.0 1.0
 0.0 0.0 0.0 1.0
 
 # Mixing_Rule
 LB
 
 # Seed_Info
 1219130951 1219130952
 
 # Rcutoff_Low
 2.0
 
 # Pair_Energy
 TRUE
 
 # Molecule_Files
 c8.mcf 200
 
 # Box_Info
 1
 CUBIC
 35.0 35.0 35.0
 
 # Temperature_Info
 560.0
 
 # Move_Probability_Info
 
 # Prob_Translation
 0.5
 0.5
 
 # Prob_Regrowth
 0.2
 1.0
 
 # Prob_Insertion
 0.1
 insertion method
 reservoir
 
 # Prob_Deletion
 0.1
 
 # Done_Probability_Info
 
 # Start_Type
 make_config
 20
 
 # Run_Type
 Equilibration   600
 
 # Average_Info
 1
 
 # Frequency_Info
 freq_type    none
 Nthermofreq  1000
 Ncoordfreq   10000
 MCsteps      10000
 # Done_Frequency_Info
 
 # Property_Info 1
 Energy_Total
 Energy_LJ
 Energy_Elec
 Nmols
 Density
 Pressure
 
 
 # Fragment_Files
 species1/frag1/frag1.dat  1
 species1/frag2/frag2.dat  2
 species1/frag3/frag3.dat  3
 species1/frag4/frag4.dat  4
 species1/frag5/frag5.dat  5
 species1/frag6/frag6.dat  6
 
 # CBMC_Info
 kappa_ins 12
 kappa_rot 0
 kappa_dih 12
 rcut_cbmc 6.5 6.5
 
 END
 
 **** Finished writing input file *******
 Number of species simulated:      1

 *** Simulation box data ***
number of simulation boxes     1
 
Box number      1       Box Shape:      Cubic 
Each Side Of :        35.0000     Angstrom
 
Cell basis vector lengths in A,     35.0000      35.0000      35.0000
Cosine of angles alpha, beta, gamma     0.0000       0.0000       0.0000
Distance between box faces    35.0000      35.0000      35.0000
Box volume, A^3         42875.0000
 
 *** Finished loading box information ***
 
   VDW style used is:   LJ             in box:  1
   VDW sum style is:   cut_tail       in box:  1
    rcut =    15.000   Angstrom
 VDW style properly input
 
   Charge style used is:   NONE           in box:  1
 Charge style properly input
 
 
 Pair interaction energy array storage enabled
 
Lorentz-Berthelot mixing rule specified
 
 Reading molecular connectivity information
 Species:            1
 Molecular connectivity file: 
 c8.mcf                                                                         
                                          
   8 atom(s) specified.
   7 bond(s) specified.
   6 angle(s) specified.
   5 dihedral(s) specified.
   0 improper(s) specified.
   6 fragments specified.
   5  fragment bonds specified.
 
Species  Nbr molecules
-------  -------------
     1            200
 
L_Coul_CBMC not given for species    1
 Defaulting to true
 default  T
 
1st_Fragment_Ins_Style not specified for species    1
using default of "COM" for this species.
Species and atom number   1   1
 atom name:             CH3_s1
 element:               C 
 mass:                     12.0110
 charge:                    0.0000
 vdw type:              LJ                  
 Epsilon / kB in K:        98.0000
 Sigma in A:                3.7500
 
Species and atom number   1   2
 atom name:             CH2_s1
 element:               C 
 mass:                     12.0110
 charge:                    0.0000
 vdw type:              LJ                  
 Epsilon / kB in K:        46.0000
 Sigma in A:                3.9500
 
Species and atom number   1   3
 atom name:             CH2_s1
 element:               C 
 mass:                     12.0110
 charge:                    0.0000
 vdw type:              LJ                  
 Epsilon / kB in K:        46.0000
 Sigma in A:                3.9500
 
Species and atom number   1   4
 atom name:             CH2_s1
 element:               C 
 mass:                     12.0110
 charge:                    0.0000
 vdw type:              LJ                  
 Epsilon / kB in K:        46.0000
 Sigma in A:                3.9500
 
Species and atom number   1   5
 atom name:             CH2_s1
 element:               C 
 mass:                     12.0110
 charge:                    0.0000
 vdw type:              LJ                  
 Epsilon / kB in K:        46.0000
 Sigma in A:                3.9500
 
Species and atom number   1   6
 atom name:             CH2_s1
 element:               C 
 mass:                     12.0110
 charge:                    0.0000
 vdw type:              LJ                  
 Epsilon / kB in K:        46.0000
 Sigma in A:                3.9500
 
Species and atom number   1   7
 atom name:             CH2_s1
 element:               C 
 mass:                     12.0110
 charge:                    0.0000
 vdw type:              LJ                  
 Epsilon / kB in K:        46.0000
 Sigma in A:                3.9500
 
Species and atom number   1   8
 atom name:             CH3_s1
 element:               C 
 mass:                     12.0110
 charge:                    0.0000
 vdw type:              LJ                  
 Epsilon / kB in K:        98.0000
 Sigma in A:                3.7500
 
Total number of ring atoms in species     1    0
Total number of exo atoms in species      1    8
 Atom ids for ring atoms
 Atom ids for exo atoms           1           2           3           4
           5           6           7           8
 *** Completed assigning atom info ***
 
Species and bond number   1   1
 atom1:                   1
 atom2:                   2
 bond type:             fixed               
Bond fixed between atoms:      1      2 in species   1
Fixed bond length, in A:    1.5400
 
Species and bond number   1   2
 atom1:                   2
 atom2:                   3
 bond type:             fixed               
Bond fixed between atoms:      2      3 in species   1
Fixed bond length, in A:    1.5400
 
Species and bond number   1   3
 atom1:                   3
 atom2:                   4
 bond type:             fixed               
Bond fixed between atoms:      3      4 in species   1
Fixed bond length, in A:    1.5400
 
Species and bond number   1   4
 atom1:                   4
 atom2:                   5
 bond type:             fixed               
Bond fixed between atoms:      4      5 in species   1
Fixed bond length, in A:    1.5400
 
Species and bond number   1   5
 atom1:                   5
 atom2:                   6
 bond type:             fixed               
Bond fixed between atoms:      5      6 in species   1
Fixed bond length, in A:    1.5400
 
Species and bond number   1   6
 atom1:                   6
 atom2:                   7
 bond type:             fixed               
Bond fixed between atoms:      6      7 in species   1
Fixed bond length, in A:    1.5400
 
Species and bond number   1   7
 atom1:                   7
 atom2:                   8
 bond type:             fixed               
Bond fixed between atoms:      7      8 in species   1
Fixed bond length, in A:    1.5400
 
 *** Completed assigning bond info ***
 
Species and angle number  1   1
 atom1:                   1
 atom2:                   2
 atom3:                   3
 angle type:            harmonic            
 K_angle in K/rad^2:    31250.0000
 theta0 in degrees:       114.0000
 
Species and angle number  1   2
 atom1:                   2
 atom2:                   3
 atom3:                   4
 angle type:            harmonic            
 K_angle in K/rad^2:    31250.0000
 theta0 in degrees:       114.0000
 
Species and angle number  1   3
 atom1:                   3
 atom2:                   4
 atom3:                   5
 angle type:            harmonic            
 K_angle in K/rad^2:    31250.0000
 theta0 in degrees:       114.0000
 
Species and angle number  1   4
 atom1:                   4
 atom2:                   5
 atom3:                   6
 angle type:            harmonic            
 K_angle in K/rad^2:    31250.0000
 theta0 in degrees:       114.0000
 
Species and angle number  1   5
 atom1:                   5
 atom2:                   6
 atom3:                   7
 angle type:            harmonic            
 K_angle in K/rad^2:    31250.0000
 theta0 in degrees:       114.0000
 
Species and angle number  1   6
 atom1:                   6
 atom2:                   7
 atom3:                   8
 angle type:            harmonic            
 K_angle in K/rad^2:    31250.0000
 theta0 in degrees:       114.0000
 
 
Molecule    1  is NOT defined to be linear
 
 *** Completed assigning angle info ***
 
Species and dihedral num  1   1
 atom1:                   1
 atom2:                   2
 atom3:                   3
 atom4:                   4
 dihedral type:         OPLS                
 a0, kJ/mol:                0.0000
 a1, kJ/mol:                2.9500
 a2, kJ/mol:               -0.5700
 a3, kJ/mol:                6.5800
 
Species and dihedral num  1   2
 atom1:                   2
 atom2:                   3
 atom3:                   4
 atom4:                   5
 dihedral type:         OPLS                
 a0, kJ/mol:                0.0000
 a1, kJ/mol:                2.9500
 a2, kJ/mol:               -0.5700
 a3, kJ/mol:                6.5800
 
Species and dihedral num  1   3
 atom1:                   3
 atom2:                   4
 atom3:                   5
 atom4:                   6
 dihedral type:         OPLS                
 a0, kJ/mol:                0.0000
 a1, kJ/mol:                2.9500
 a2, kJ/mol:               -0.5700
 a3, kJ/mol:                6.5800
 
Species and dihedral num  1   4
 atom1:                   4
 atom2:                   5
 atom3:                   6
 atom4:                   7
 dihedral type:         OPLS                
 a0, kJ/mol:                0.0000
 a1, kJ/mol:                2.9500
 a2, kJ/mol:               -0.5700
 a3, kJ/mol:                6.5800
 
Species and dihedral num  1   5
 atom1:                   5
 atom2:                   6
 atom3:                   7
 atom4:                   8
 dihedral type:         OPLS                
 a0, kJ/mol:                0.0000
 a1, kJ/mol:                2.9500
 a2, kJ/mol:               -0.5700
 a3, kJ/mol:                6.5800
 
 *** Completed assigning dihedral info ***
 
 No impropers in species            1
 *** Completed assigning improper info ***
 
 
Total number of atoms in the fragment     1  is   3
Identity of these atoms are
           2           1           3
 
Total number of atoms in the fragment     2  is   3
Identity of these atoms are
           3           2           4
 
Total number of atoms in the fragment     3  is   3
Identity of these atoms are
           4           3           5
 
Total number of atoms in the fragment     4  is   3
Identity of these atoms are
           5           4           6
 
Total number of atoms in the fragment     5  is   3
Identity of these atoms are
           6           5           7
 
Total number of atoms in the fragment     6  is   3
Identity of these atoms are
           7           6           8
 
 ******* Finished loading fragment info ********
 
 ******* Generating anchor info ****************
 
 Number of anchors for fragment     1  is   1
Anchor id is:    2
 
 Number of anchors for fragment     2  is   1
Anchor id is:    3
 
 Number of anchors for fragment     3  is   1
Anchor id is:    4
 
 Number of anchors for fragment     4  is   1
Anchor id is:    5
 
 Number of anchors for fragment     5  is   1
Anchor id is:    6
 
 Number of anchors for fragment     6  is   1
Anchor id is:    7
 Fragment file for fragment 1 is
 species1/frag1/frag1.dat                                                       
                                          
 Fragment type           1
 Fragment file for fragment 2 is
 species1/frag2/frag2.dat                                                       
                                          
 Fragment type           2
 Fragment file for fragment 3 is
 species1/frag3/frag3.dat                                                       
                                          
 Fragment type           3
 Fragment file for fragment 4 is
 species1/frag4/frag4.dat                                                       
                                          
 Fragment type           4
 Fragment file for fragment 5 is
 species1/frag5/frag5.dat                                                       
                                          
 Fragment type           5
 Fragment file for fragment 6 is
 species1/frag6/frag6.dat                                                       
                                          
 Fragment type           6
Species and fragment bond number   1   1
 fragment 1:              1
 fragment 2:              2
Species and fragment bond number   1   2
 fragment 1:              2
 fragment 2:              3
Species and fragment bond number   1   3
 fragment 1:              3
 fragment 2:              4
Species and fragment bond number   1   4
 fragment 1:              4
 fragment 2:              5
Species and fragment bond number   1   5
 fragment 1:              5
 fragment 2:              6
 
 Number of connections of fragment    1  is   1
 These fragments are:
           2
 
 Number of connections of fragment    2  is   2
 These fragments are:
           1           3
 
 Number of connections of fragment    3  is   2
 These fragments are:
           2           4
 
 Number of connections of fragment    4  is   2
 These fragments are:
           3           5
 
 Number of connections of fragment    5  is   2
 These fragments are:
           4           6
 
 Number of connections of fragment    6  is   1
 These fragments are:
           5
 
 Maximum configurations stored      100000
 
 
 Finished loading fragment coordinates from
 species1/frag1/frag1.dat                                                       
                                          
 
 
 Finished loading fragment coordinates from
 species1/frag2/frag2.dat                                                       
                                          
 
 
 Finished loading fragment coordinates from
 species1/frag3/frag3.dat                                                       
                                          
 
 
 Finished loading fragment coordinates from
 species1/frag4/frag4.dat                                                       
                                          
 
 
 Finished loading fragment coordinates from
 species1/frag5/frag5.dat                                                       
                                          
 
 
 Finished loading fragment coordinates from
 species1/frag6/frag6.dat                                                       
                                          
 
 intramolecular scaling factors explicitly set
Intra molecule scaling factors for species             1
VDW 1-2 scaling factor         0.000
VDW 1-3 scaling factor         0.000
VDW 1-4 scaling factor         0.000
VDW 1-N scaling factor         1.000
Coulomb 1-2 scaling factor     0.000
Coulomb 1-3 scaling factor     0.000
Coulomb 1-4 scaling factor     0.000
Coulomb 1-N scaling factor     0.000
 
 
 *** Completed assigning intramolecular scaling factors ***
 
  There are 2 different atom types in the system 
     1  CH3_s1
     2  CH2_s1
 
 
species number and name:  1   c8.mcf                                                                                                                  
 Name      number
 ------    ------
CH3_s1      1
CH2_s1      2
CH2_s1      2
CH2_s1      2
CH2_s1      2
CH2_s1      2
CH2_s1      2
CH3_s1      1
 
 
 *** Creating VDW interaction table ***
Mixing rule used is:    LB             
 
Atom 1     Atom 2  epsilon (amu A^2/ps^2)        sigma (A)
CH3_s1     CH3_s1     81.4818                        3.7500
CH3_s1     CH2_s1     55.8247                        3.8500
CH2_s1     CH3_s1     55.8247                        3.8500
CH2_s1     CH2_s1     38.2466                        3.9500
 
 *** Completed construction of VDW interaction table ***
 
 
 *** Creating exclusion table ***
 
     species   atom1      atom2  vdw scale q-q scale
         1         1         1     0.000     0.000
         1         1         2     0.000     0.000
         1         1         3     0.000     0.000
         1         1         4     0.000     0.000
         1         1         5     1.000     0.000
         1         1         6     1.000     0.000
         1         1         7     1.000     0.000
         1         1         8     1.000     0.000
         1         2         1     0.000     0.000
         1         2         2     0.000     0.000
         1         2         3     0.000     0.000
         1         2         4     0.000     0.000
         1         2         5     0.000     0.000
         1         2         6     1.000     0.000
         1         2         7     1.000     0.000
         1         2         8     1.000     0.000
         1         3         1     0.000     0.000
         1         3         2     0.000     0.000
         1         3         3     0.000     0.000
         1         3         4     0.000     0.000
         1         3         5     0.000     0.000
         1         3         6     0.000     0.000
         1         3         7     1.000     0.000
         1         3         8     1.000     0.000
         1         4         1     0.000     0.000
         1         4         2     0.000     0.000
         1         4         3     0.000     0.000
         1         4         4     0.000     0.000
         1         4         5     0.000     0.000
         1         4         6     0.000     0.000
         1         4         7     0.000     0.000
         1         4         8     1.000     0.000
         1         5         1     1.000     0.000
         1         5         2     0.000     0.000
         1         5         3     0.000     0.000
         1         5         4     0.000     0.000
         1         5         5     0.000     0.000
         1         5         6     0.000     0.000
         1         5         7     0.000     0.000
         1         5         8     0.000     0.000
         1         6         1     1.000     0.000
         1         6         2     1.000     0.000
         1         6         3     0.000     0.000
         1         6         4     0.000     0.000
         1         6         5     0.000     0.000
         1         6         6     0.000     0.000
         1         6         7     0.000     0.000
         1         6         8     0.000     0.000
         1         7         1     1.000     0.000
         1         7         2     1.000     0.000
         1         7         3     1.000     0.000
         1         7         4     0.000     0.000
         1         7         5     0.000     0.000
         1         7         6     0.000     0.000
         1         7         7     0.000     0.000
         1         7         8     0.000     0.000
         1         8         1     1.000     0.000
         1         8         2     1.000     0.000
         1         8         3     1.000     0.000
         1         8         4     1.000     0.000
         1         8         5     0.000     0.000
         1         8         6     0.000     0.000
         1         8         7     0.000     0.000
         1         8         8     0.000     0.000
 
 *** Completed construction of exclusion table ***
 
 
 ***** Reading seed info *********
 
 The starting seed s1 is:    153587801
 
 ****** Finished loading the seed ********
 
 **** Simulation temperature information ****
  Temperature assigned to box     1  is  560.000    K
 
 *** Finished loading information for temperature ****
 
 
 ********* Move Probability Info******
    Translation probability is   0.500000
 
Maximum displacement width for species   1 in box  1  is      0.50000
 
 
   Probability for regrowth is   0.200000
 
   Cumulative probability for regrowth of species     1  is   1.000000
 
Probability for insertion move is          0.1000
 
Insertion will be carried out for species   1
 using the reservoir sampling
 
Total number of exchangeable species is    1
 
 
Probability for deletion move is           0.1000
 ***** Finished reading the move probability info *****
Number of moves is :   4
 
 
************ERROR************
Probabilities do not add upto 1.0
This error occurred in subroutine Get_Move_Probabilities.
Fatal Error. Stopping program.
